{"/home/simran/wordle/compareWords.js": {"path":"/home/simran/wordle/compareWords.js","statementMap":{"0":{"start":{"line":2,"column":4},"end":{"line":4,"column":5}},"1":{"start":{"line":3,"column":6},"end":{"line":3,"column":19}},"2":{"start":{"line":6,"column":19},"end":{"line":6,"column":21}},"3":{"start":{"line":8,"column":4},"end":{"line":19,"column":5}},"4":{"start":{"line":8,"column":17},"end":{"line":8,"column":18}},"5":{"start":{"line":9,"column":28},"end":{"line":9,"column":36}},"6":{"start":{"line":10,"column":24},"end":{"line":10,"column":54}},"7":{"start":{"line":11,"column":34},"end":{"line":11,"column":61}},"8":{"start":{"line":13,"column":6},"end":{"line":18,"column":9}},"9":{"start":{"line":21,"column":4},"end":{"line":21,"column":18}},"10":{"start":{"line":23,"column":2},"end":{"line":23,"column":32}}},"fnMap":{"0":{"name":"compareWords","decl":{"start":{"line":1,"column":9},"end":{"line":1,"column":21}},"loc":{"start":{"line":1,"column":37},"end":{"line":22,"column":3}},"line":1}},"branchMap":{"0":{"loc":{"start":{"line":2,"column":4},"end":{"line":4,"column":5}},"type":"if","locations":[{"start":{"line":2,"column":4},"end":{"line":4,"column":5}},{"start":{},"end":{}}],"line":2}},"s":{"0":2,"1":0,"2":2,"3":2,"4":2,"5":10,"6":10,"7":10,"8":10,"9":2,"10":1},"f":{"0":2},"b":{"0":[0,2]},"_coverageSchema":"1a1c01bbd47fc00a2c39e90264f33305004495a9","hash":"d533e404a722f9674ffcbfba7e1e11ae5ea1f8ca"}
}
